2017-03-08 22:31:17,009 INFO Main start
2017-03-08 22:31:17,009 INFO Bonjour : Mademoiselle Andreea
2017-03-08 22:31:17,009 INFO Bonjour : Mademoiselle Ana
2017-03-08 22:31:17,009 INFO Bonjour : Madame Leela
2017-03-08 22:31:17,026 INFO Bonjour : Madame Amy Wong
2017-03-08 22:31:17,026 INFO Bonjour : Madame Mom
2017-03-08 22:31:17,026 INFO Bonjour : Madame LaBarbara Conrad
2017-03-08 22:31:17,026 INFO Bonjour : Monsieur Fry
2017-03-08 22:31:17,026 INFO Bonjour : Monsieur Bender
2017-03-08 22:31:17,026 INFO Bonjour : Monsieur Hermes Conrad
2017-03-08 22:31:17,026 INFO Bonjour : Monsieur Hubert J
2017-03-08 22:31:17,040 INFO Bonjour : Monsieur John A
2017-03-08 22:31:17,040 INFO Bonjour : Monsieur Richard Nixon's head
2017-03-08 22:31:17,056 INFO Bonjour : Monsieur Zapp Brannigan
2017-03-08 22:31:17,056 INFO Bonjour : Monsieur Kif Kroker
2017-03-08 22:31:17,056 INFO Bonjour : Monsieur Nibbler
2017-03-08 22:31:17,056 INFO Bonjour : Monsieur Scruffy
2017-03-08 22:31:17,056 INFO Bonjour : Monsieur Leo Wong
2017-03-08 22:31:17,072 INFO Bonjour : Monsieur Lrrr
2017-03-08 22:31:17,072 INFO Bonjour : Monsieur Cubert Farnsworth
2017-03-08 22:31:17,072 INFO Bonjour : Monsieur Dwight Conrad
2017-03-08 22:31:17,072 INFO Main stop
